[debug] [2019-07-24T21:40:27.552Z] ----------------------------------------------------------------------
[debug] [2019-07-24T21:40:27.554Z] Command:       /usr/local/Cellar/node/12.5.0/bin/node /Users/leobernard/.config/yarn/global/node_modules/.bin/firebase deploy --only functions
[debug] [2019-07-24T21:40:27.554Z] CLI Version:   7.2.0
[debug] [2019-07-24T21:40:27.554Z] Platform:      darwin
[debug] [2019-07-24T21:40:27.554Z] Node Version:  v12.5.0
[debug] [2019-07-24T21:40:27.555Z] Time:          Wed Jul 24 2019 23:40:27 GMT+0200 (Central European Summer Time)
[debug] [2019-07-24T21:40:27.555Z] ----------------------------------------------------------------------
[debug] 
[debug] [2019-07-24T21:40:27.562Z] > command requires scopes: ["email","openid","https://www.googleapis.com/auth/cloudplatformprojects.readonly","https://www.googleapis.com/auth/firebase","https://www.googleapis.com/auth/cloud-platform"]
[debug] [2019-07-24T21:40:27.562Z] > authorizing via signed-in user
[debug] [2019-07-24T21:40:27.562Z] [iam] checking project telehooks for permissions ["cloudfunctions.functions.create","cloudfunctions.functions.delete","cloudfunctions.functions.get","cloudfunctions.functions.list","cloudfunctions.functions.update","cloudfunctions.operations.get","firebase.projects.get"]
[debug] [2019-07-24T21:40:27.563Z] >>> HTTP REQUEST POST https://cloudresourcemanager.googleapis.com/v1/projects/telehooks:testIamPermissions  

[debug] [2019-07-24T21:40:28.447Z] <<< HTTP RESPONSE 200
[info] 
[info] === Deploying to 'telehooks'...
[info] 
[info] i  deploying functions
[info] Running command: npm --prefix "$RESOURCE_DIR" run lint
[info] Running command: npm --prefix "$RESOURCE_DIR" run build
[info] ✔  functions: Finished running predeploy script.
[debug] [2019-07-24T21:40:38.981Z] > [functions] package.json contents: {
  "name": "functions",
  "scripts": {
    "lint": "tslint --project tsconfig.json",
    "build": "tsc",
    "serve": "npm run build && firebase serve --only functions",
    "shell": "npm run build && firebase functions:shell",
    "start": "npm run shell",
    "deploy": "firebase deploy --only functions",
    "logs": "firebase functions:log"
  },
  "engines": {
    "node": "8"
  },
  "main": "lib/index.js",
  "dependencies": {
    "@slack/types": "^1.0.0",
    "@slack/webhook": "^5.0.0",
    "body-parser": "^1.19.0",
    "common-tags": "^1.8.0",
    "express": "^4.17.1",
    "firebase-admin": "^8.0.0",
    "firebase-functions": "^3.1.0",
    "got": "^9.6.0",
    "lodash": "^4.17.15"
  },
  "devDependencies": {
    "@types/body-parser": "^1.17.0",
    "@types/common-tags": "^1.8.0",
    "@types/express": "^4.17.0",
    "@types/got": "^9.6.2",
    "@types/jest": "^24.0.15",
    "@types/lodash": "^4.14.136",
    "jest": "^24.8.0",
    "ts-jest": "^24.0.2",
    "tslint": "^5.12.0",
    "typescript": "^3.2.2"
  },
  "private": true
}
[info] i  functions: ensuring necessary APIs are enabled...
[debug] [2019-07-24T21:40:38.982Z] >>> HTTP REQUEST GET https://servicemanagement.googleapis.com/v1/services/cloudfunctions.googleapis.com/projectSettings/telehooks?view=CONSUMER_VIEW  
 
[debug] [2019-07-24T21:40:38.983Z] >>> HTTP REQUEST GET https://servicemanagement.googleapis.com/v1/services/runtimeconfig.googleapis.com/projectSettings/telehooks?view=CONSUMER_VIEW  
 
[debug] [2019-07-24T21:40:40.426Z] <<< HTTP RESPONSE 200
[debug] [2019-07-24T21:40:40.472Z] <<< HTTP RESPONSE 200
[info] ✔  functions: all necessary APIs are enabled
[debug] [2019-07-24T21:40:40.473Z] >>> HTTP REQUEST GET https://cloudresourcemanager.googleapis.com/v1/projects/telehooks  
 
[debug] [2019-07-24T21:40:41.294Z] <<< HTTP RESPONSE 200
[debug] [2019-07-24T21:40:41.295Z] >>> HTTP REQUEST GET https://mobilesdk-pa.googleapis.com/v1/projects/541859632789:getServerAppConfig  
 
[debug] [2019-07-24T21:40:41.544Z] <<< HTTP RESPONSE 200
[info] i  functions: preparing functions directory for uploading...
[debug] [2019-07-24T21:40:41.546Z] >>> HTTP REQUEST GET https://runtimeconfig.googleapis.com/v1beta1/projects/telehooks/configs  
 
[debug] [2019-07-24T21:40:41.961Z] <<< HTTP RESPONSE 200
[debug] [2019-07-24T21:40:41.962Z] >>> HTTP REQUEST GET https://runtimeconfig.googleapis.com/v1beta1/projects/telehooks/configs/telegram/variables  
 
[debug] [2019-07-24T21:40:42.267Z] <<< HTTP RESPONSE 200
[debug] [2019-07-24T21:40:42.268Z] >>> HTTP REQUEST GET https://runtimeconfig.googleapis.com/v1beta1/projects/telehooks/configs/telegram/variables/key  
 
[debug] [2019-07-24T21:40:42.516Z] <<< HTTP RESPONSE 200
[info] i  functions: packaged functions (112.88 KB) for uploading
[debug] [2019-07-24T21:40:43.134Z] >>> HTTP REQUEST POST https://cloudfunctions.googleapis.com/v1/projects/telehooks/locations/us-central1/functions:generateUploadUrl  
 
[debug] [2019-07-24T21:40:43.514Z] <<< HTTP RESPONSE 200
[debug] [2019-07-24T21:40:43.515Z] >>> HTTP REQUEST PUT https://storage.googleapis.com/gcf-upload-us-central1-75c86508-9b74-4492-9198-2996b5c0785a/a245100d-b7ef-4697-ae1f-be106f908c7a.zip?GoogleAccessId=service-541859632789@gcf-admin-robot.iam.gserviceaccount.com&Expires=1564006243&Signature=PqLdCdEBK%2FbnVS%2Baxv1uDdQVplprTBPC59p0rKA9COU8aSV%2Fnub4KDoeLgs7umzyneq33hbCVgtBvmJD14ewZrTppwyXJEWTeZpPzlQ4S3TwJHxAvR8y%2BPRMItxOJ%2Br3CcRlFstiABVsL2US4i%2B46XRZ4GjhdRjZQ%2BgmX5Kqrps0o5AJif1i%2FvsRxR6Gk81mq2eXiDNyMo7nTzq74DUnGG%2FFTRaaXy7mSFWjVaaVAuQ0Llwd20YNmVlXJ5YL4wg3eehtFZK1KqZgmI0ftLHIema8qt%2FCsaXZQ1ZgXXH6ZUgQNCIK5PbOZZJJAJO3FnDk5EnUZeyNoNrzlerxDumN4w%3D%3D  
 <request body omitted>
[debug] [2019-07-24T21:40:44.130Z] <<< HTTP RESPONSE 200
[info] ✔  functions: functions folder uploaded successfully
[debug] [2019-07-24T21:40:44.132Z] >>> HTTP REQUEST GET https://cloudfunctions.googleapis.com/v1/projects/telehooks/locations/-/functions  
 
[debug] [2019-07-24T21:40:44.725Z] <<< HTTP RESPONSE 200
[info] i  functions: updating Node.js 8 function webhook(us-central1)...
[debug] [2019-07-24T21:40:44.727Z] Trigger is:  {"httpsTrigger":{}}
[info] i  functions: updating Node.js 8 function telegramUpdate(us-central1)...
[debug] [2019-07-24T21:40:44.728Z] Trigger is:  {"httpsTrigger":{}}
[debug] [2019-07-24T21:40:44.728Z] >>> HTTP REQUEST GET https://servicemanagement.googleapis.com/v1/services/cloudscheduler.googleapis.com/projectSettings/telehooks?view=CONSUMER_VIEW  
 
[debug] [2019-07-24T21:40:46.132Z] <<< HTTP RESPONSE 200
[debug] [2019-07-24T21:40:46.133Z] >>> HTTP REQUEST PATCH https://cloudfunctions.googleapis.com/v1/projects/telehooks/locations/us-central1/functions/webhook {"updateMask":"sourceUploadUrl,name,labels,runtime,httpsTrigger"} 

[debug] [2019-07-24T21:40:46.134Z] >>> HTTP REQUEST PATCH https://cloudfunctions.googleapis.com/v1/projects/telehooks/locations/us-central1/functions/telegramUpdate {"updateMask":"sourceUploadUrl,name,labels,runtime,httpsTrigger"} 

[debug] [2019-07-24T21:40:46.773Z] <<< HTTP RESPONSE 200
[debug] [2019-07-24T21:40:46.774Z] <<< HTTP RESPONSE 200
[debug] [2019-07-24T21:40:46.775Z] >>> HTTP REQUEST GET https://cloudfunctions.googleapis.com/v1/projects/telehooks/locations/-/functions  
 
[debug] [2019-07-24T21:40:47.184Z] <<< HTTP RESPONSE 200
[debug] [2019-07-24T21:40:47.185Z] >>> HTTP REQUEST GET https://cloudfunctions.googleapis.com/v1/operations/dGVsZWhvb2tzL3VzLWNlbnRyYWwxL3dlYmhvb2svaTRtMnUzS0drZ1k  
 
[debug] [2019-07-24T21:40:47.185Z] >>> HTTP REQUEST GET https://cloudfunctions.googleapis.com/v1/operations/dGVsZWhvb2tzL3VzLWNlbnRyYWwxL3RlbGVncmFtVXBkYXRlL0hlSWp3VUZhRUkw  
 
[debug] [2019-07-24T21:40:47.462Z] <<< HTTP RESPONSE 200
[debug] [2019-07-24T21:40:47.481Z] <<< HTTP RESPONSE 200
[debug] [2019-07-24T21:40:49.465Z] >>> HTTP REQUEST GET https://cloudfunctions.googleapis.com/v1/operations/dGVsZWhvb2tzL3VzLWNlbnRyYWwxL3RlbGVncmFtVXBkYXRlL0hlSWp3VUZhRUkw  
 
[debug] [2019-07-24T21:40:49.482Z] >>> HTTP REQUEST GET https://cloudfunctions.googleapis.com/v1/operations/dGVsZWhvb2tzL3VzLWNlbnRyYWwxL3dlYmhvb2svaTRtMnUzS0drZ1k  
 
[debug] [2019-07-24T21:40:49.767Z] <<< HTTP RESPONSE 200
[debug] [2019-07-24T21:40:49.778Z] <<< HTTP RESPONSE 200
[debug] [2019-07-24T21:40:51.768Z] >>> HTTP REQUEST GET https://cloudfunctions.googleapis.com/v1/operations/dGVsZWhvb2tzL3VzLWNlbnRyYWwxL3dlYmhvb2svaTRtMnUzS0drZ1k  
 
[debug] [2019-07-24T21:40:51.781Z] >>> HTTP REQUEST GET https://cloudfunctions.googleapis.com/v1/operations/dGVsZWhvb2tzL3VzLWNlbnRyYWwxL3RlbGVncmFtVXBkYXRlL0hlSWp3VUZhRUkw  
 
[debug] [2019-07-24T21:40:52.043Z] <<< HTTP RESPONSE 200
[debug] [2019-07-24T21:40:52.070Z] <<< HTTP RESPONSE 200
[debug] [2019-07-24T21:40:54.049Z] >>> HTTP REQUEST GET https://cloudfunctions.googleapis.com/v1/operations/dGVsZWhvb2tzL3VzLWNlbnRyYWwxL3RlbGVncmFtVXBkYXRlL0hlSWp3VUZhRUkw  
 
[debug] [2019-07-24T21:40:54.073Z] >>> HTTP REQUEST GET https://cloudfunctions.googleapis.com/v1/operations/dGVsZWhvb2tzL3VzLWNlbnRyYWwxL3dlYmhvb2svaTRtMnUzS0drZ1k  
 
[debug] [2019-07-24T21:40:54.340Z] <<< HTTP RESPONSE 200
[debug] [2019-07-24T21:40:54.369Z] <<< HTTP RESPONSE 200
[debug] [2019-07-24T21:40:56.342Z] >>> HTTP REQUEST GET https://cloudfunctions.googleapis.com/v1/operations/dGVsZWhvb2tzL3VzLWNlbnRyYWwxL3RlbGVncmFtVXBkYXRlL0hlSWp3VUZhRUkw  
 
[debug] [2019-07-24T21:40:56.373Z] >>> HTTP REQUEST GET https://cloudfunctions.googleapis.com/v1/operations/dGVsZWhvb2tzL3VzLWNlbnRyYWwxL3dlYmhvb2svaTRtMnUzS0drZ1k  
 
[debug] [2019-07-24T21:40:56.688Z] <<< HTTP RESPONSE 200
[debug] [2019-07-24T21:40:56.691Z] <<< HTTP RESPONSE 200
